<?xml version="1.0" encoding="UTF-8"?>
<!-- Generated by org.testng.reporters.JUnitReportReporter -->
<testsuite hostname="DESKTOP-PP8RICL" failures="0" tests="1" name="testCases.TC002_VerifyLogin" time="3.600" errors="0" timestamp="2024-11-11T15:09:41 BDT" skipped="0">
  <testcase classname="testCases.TC002_VerifyLogin" name="verifyLogin_TC002" time="3.600"/>
</testsuite> <!-- testCases.TC002_VerifyLogin -->
