<?xml version="1.0" encoding="UTF-8"?>
<!-- Generated by org.testng.reporters.JUnitReportReporter -->
<testsuite hostname="DESKTOP-PP8RICL" failures="0" tests="1" name="testCases.TC001_VerifyRegistration" time="12.057" errors="0" timestamp="2024-11-11T15:09:41 BDT" skipped="0">
  <testcase classname="testCases.TC001_VerifyRegistration" name="verifyRegistration_TC001" time="12.057"/>
</testsuite> <!-- testCases.TC001_VerifyRegistration -->
